Using pre-set license
Built from '2020.3/staging' branch; Version is '2020.3.14f1 (d0d1bb862f9d) revision 13685179'; Using compiler version '192528614'; Build Type 'Release'
OS: 'Windows 10 Home; OS build 19042.1165; Version 2009; 64bit' Language: 'en' Physical Memory: 16326 MB
BatchMode: 1, IsHumanControllingUs: 0, StartBugReporterOnCrash: 0, Is64bit: 1, IsPro: 0

 COMMAND LINE ARGUMENTS:
C:\Program Files\Unity\Hub\Editor\2020.3.14f1\Editor\Unity.exe
-adb2
-batchMode
-noUpm
-name
AssetImportWorker0
-projectPath
C:/Users/super/Documents/Games/Psycho Crab
-logFile
Logs/AssetImportWorker0.log
-srvPort
50758
Successfully changed project path to: C:/Users/super/Documents/Games/Psycho Crab
C:/Users/super/Documents/Games/Psycho Crab
Using Asset Import Pipeline V2.
Refreshing native plugins compatible for Editor in 34.40 ms, found 3 plugins.
Preloading 0 native plugins for Editor in 0.00 ms.
Initialize engine version: 2020.3.14f1 (d0d1bb862f9d)
[Subsystems] Discovering subsystems at path C:/Program Files/Unity/Hub/Editor/2020.3.14f1/Editor/Data/Resources/UnitySubsystems
[Subsystems] Discovering subsystems at path C:/Users/super/Documents/Games/Psycho Crab/Assets
GfxDevice: creating device client; threaded=0
Direct3D:
    Version:  Direct3D 11.0 [level 11.1]
    Renderer: NVIDIA GeForce RTX 2070 (ID=0x1f02)
    Vendor:   
    VRAM:     8031 MB
    Driver:   30.0.14.7111
Initialize mono
Mono path[0] = 'C:/Program Files/Unity/Hub/Editor/2020.3.14f1/Editor/Data/Managed'
Mono path[1] = 'C:/Program Files/Unity/Hub/Editor/2020.3.14f1/Editor/Data/MonoBleedingEdge/lib/mono/unityjit'
Mono config path = 'C:/Program Files/Unity/Hub/Editor/2020.3.14f1/Editor/Data/MonoBleedingEdge/etc'
Using monoOptions --debugger-agent=transport=dt_socket,embedding=1,server=y,suspend=n,address=127.0.0.1:56508
Begin MonoManager ReloadAssembly
Registering precompiled unity dll's ...
Register platform support module: C:/Program Files/Unity/Hub/Editor/2020.3.14f1/Editor/Data/PlaybackEngines/WindowsStandaloneSupport/UnityEditor.WindowsStandalone.Extensions.dll
Registered in 0.001424 seconds.
Native extension for WindowsStandalone target not found
Refreshing native plugins compatible for Editor in 32.32 ms, found 3 plugins.
Preloading 0 native plugins for Editor in 0.00 ms.
Mono: successfully reloaded assembly
- Completed reload, in  0.758 seconds
Domain Reload Profiling:
	ReloadAssembly (759ms)
		BeginReloadAssembly (39ms)
			ExecutionOrderSort (0ms)
			DisableScriptedObjects (0ms)
			BackupInstance (0ms)
			ReleaseScriptingObjects (0ms)
			CreateAndSetChildDomain (1ms)
		EndReloadAssembly (326ms)
			LoadAssemblies (37ms)
			RebuildTransferFunctionScriptingTraits (0ms)
			SetupTypeCache (119ms)
			ReleaseScriptCaches (0ms)
			RebuildScriptCaches (24ms)
			SetupLoadedEditorAssemblies (128ms)
				LogAssemblyErrors (0ms)
				InitializePlatformSupportModulesInManaged (3ms)
				SetLoadedEditorAssemblies (0ms)
				RefreshPlugins (32ms)
				BeforeProcessingInitializeOnLoad (11ms)
				ProcessInitializeOnLoadAttributes (61ms)
				ProcessInitializeOnLoadMethodAttributes (21ms)
				AfterProcessingInitializeOnLoad (0ms)
				EditorAssembliesLoaded (0ms)
			ExecutionOrderSort2 (0ms)
			AwakeInstancesAfterBackupRestoration (0ms)
Platform modules already initialized, skipping
Registering precompiled user dll's ...
Registered in 0.002996 seconds.
Begin MonoManager ReloadAssembly
Native extension for WindowsStandalone target not found
Refreshing native plugins compatible for Editor in 31.85 ms, found 3 plugins.
Preloading 0 native plugins for Editor in 0.00 ms.
Mono: successfully reloaded assembly
- Completed reload, in  0.857 seconds
Domain Reload Profiling:
	ReloadAssembly (857ms)
		BeginReloadAssembly (109ms)
			ExecutionOrderSort (0ms)
			DisableScriptedObjects (3ms)
			BackupInstance (0ms)
			ReleaseScriptingObjects (0ms)
			CreateAndSetChildDomain (14ms)
		EndReloadAssembly (698ms)
			LoadAssemblies (69ms)
			RebuildTransferFunctionScriptingTraits (0ms)
			SetupTypeCache (230ms)
			ReleaseScriptCaches (0ms)
			RebuildScriptCaches (39ms)
			SetupLoadedEditorAssemblies (261ms)
				LogAssemblyErrors (0ms)
				InitializePlatformSupportModulesInManaged (3ms)
				SetLoadedEditorAssemblies (0ms)
				RefreshPlugins (32ms)
				BeforeProcessingInitializeOnLoad (68ms)
				ProcessInitializeOnLoadAttributes (144ms)
				ProcessInitializeOnLoadMethodAttributes (9ms)
				AfterProcessingInitializeOnLoad (5ms)
				EditorAssembliesLoaded (0ms)
			ExecutionOrderSort2 (0ms)
			AwakeInstancesAfterBackupRestoration (5ms)
Platform modules already initialized, skipping
========================================================================
Worker process is ready to serve import requests
Launched and connected shader compiler UnityShaderCompiler.exe after 0.03 seconds
Refreshing native plugins compatible for Editor in 0.38 ms, found 3 plugins.
Preloading 0 native plugins for Editor in 0.00 ms.
Unloading 2124 Unused Serialized files (Serialized files now loaded: 0)
System memory in use before: 95.7 MB.
System memory in use after: 95.8 MB.

Unloading 28 unused Assets to reduce memory usage. Loaded Objects now: 2565.
Total: 1.898400 ms (FindLiveObjects: 0.145900 ms CreateObjectMapping: 0.058500 ms MarkObjects: 1.642700 ms  DeleteObjects: 0.050800 ms)

AssetImportParameters requested are different than current active one (requested -> active):
  custom:framework-win-MediaFoundation: 216162199b28c13a410421893ffa2e32 -> 
  custom:video-decoder-ogg-theora: a1e56fd34408186e4bbccfd4996cb3dc -> 
  custom:container-muxer-webm: aa71ff27fc2769a1b78a27578f13a17b -> 
  custom:container-demuxer-webm: 4f35f7cbe854078d1ac9338744f61a02 -> 
  custom:container-demuxer-ogg: 62fdf1f143b41e24485cea50d1cbac27 -> 
  custom:video-encoder-webm-vp8: eb34c28f22e8b96e1ab97ce403110664 -> 
  custom:video-decoder-webm-vp8: 9c59270c3fd7afecdb556c50c9e8de78 -> 
  custom:audio-decoder-ogg-vorbis: bf7c407c2cedff20999df2af8eb42d56 -> 
  custom:audio-encoder-webm-vorbis: bf7c407c2cedff20999df2af8eb42d56 -> 
========================================================================
Received Import Request.
  path: Assets/Sprites/Terrain
  artifactKey: Guid(622ac57bfff2cc148a1fd3df7b8243e6) Importer(815301076,1909f56bfc062723c751e8b465ee728b)
Start importing Assets/Sprites/Terrain using Guid(622ac57bfff2cc148a1fd3df7b8243e6) Importer(815301076,1909f56bfc062723c751e8b465ee728b)  -> (artifact id: 'b7cc2a0d444350cf2d31dbe0ca34eb14') in 0.010534 seconds 
  Import took 0.015004 seconds .

========================================================================
Received Import Request.
  Time since last request: 1368.032726 seconds.
  path: Assets/Textures/Grassy Dirt.png
  artifactKey: Guid(445524630194e0f48ab492642047891e) Importer(815301076,1909f56bfc062723c751e8b465ee728b)
Start importing Assets/Textures/Grassy Dirt.png using Guid(445524630194e0f48ab492642047891e) Importer(815301076,1909f56bfc062723c751e8b465ee728b)  -> (artifact id: '195740af6aadde3b1251705814cb64f1') in 0.129406 seconds 
  Import took 0.133036 seconds .

========================================================================
Received Import Request.
  Time since last request: 0.000209 seconds.
  path: Assets/Textures/Sand.png
  artifactKey: Guid(ac5cad6fea0e9b24aba41feb92f519a6) Importer(815301076,1909f56bfc062723c751e8b465ee728b)
Start importing Assets/Textures/Sand.png using Guid(ac5cad6fea0e9b24aba41feb92f519a6) Importer(815301076,1909f56bfc062723c751e8b465ee728b)  -> (artifact id: '41a26206aaefe51ef239dc8edb90745c') in 0.019475 seconds 
  Import took 0.022700 seconds .

========================================================================
Received Import Request.
  Time since last request: 0.000201 seconds.
  path: Assets/Textures/Rock.png
  artifactKey: Guid(d7c4445721260964fa4c1b3b8a2f28b3) Importer(815301076,1909f56bfc062723c751e8b465ee728b)
Start importing Assets/Textures/Rock.png using Guid(d7c4445721260964fa4c1b3b8a2f28b3) Importer(815301076,1909f56bfc062723c751e8b465ee728b)  -> (artifact id: 'b86fea3335b1232a9dd7283e81047fd9') in 0.036055 seconds 
  Import took 0.039214 seconds .

========================================================================
Received Import Request.
  Time since last request: 5.781163 seconds.
  path: Assets/Textures/Sand.png
  artifactKey: Guid(ac5cad6fea0e9b24aba41feb92f519a6) Importer(815301076,1909f56bfc062723c751e8b465ee728b)
Start importing Assets/Textures/Sand.png using Guid(ac5cad6fea0e9b24aba41feb92f519a6) Importer(815301076,1909f56bfc062723c751e8b465ee728b)  -> (artifact id: '48127bdf21414c3bd0411c378cd0652b') in 0.020693 seconds 
  Import took 0.025046 seconds .

========================================================================
Received Import Request.
  Time since last request: 225.382387 seconds.
  path: Assets/Textures/Creaky Wood.png
  artifactKey: Guid(6438e6024490c074da270da0a95c7ed7) Importer(815301076,1909f56bfc062723c751e8b465ee728b)
Start importing Assets/Textures/Creaky Wood.png using Guid(6438e6024490c074da270da0a95c7ed7) Importer(815301076,1909f56bfc062723c751e8b465ee728b)  -> (artifact id: '733bcdc5e0fdc6294d2ef41db6bad97a') in 0.054140 seconds 
  Import took 0.058234 seconds .

========================================================================
Received Import Request.
  Time since last request: 18.233051 seconds.
  path: Assets/Textures/Creaky Wood.png
  artifactKey: Guid(6438e6024490c074da270da0a95c7ed7) Importer(815301076,1909f56bfc062723c751e8b465ee728b)
Start importing Assets/Textures/Creaky Wood.png using Guid(6438e6024490c074da270da0a95c7ed7) Importer(815301076,1909f56bfc062723c751e8b465ee728b)  -> (artifact id: '04f3df4df7fb625dfd0e9cdcd2195cba') in 0.059763 seconds 
  Import took 0.063761 seconds .

========================================================================
Received Import Request.
  Time since last request: 14.770862 seconds.
  path: Assets/Textures/Creaky Wood.png
  artifactKey: Guid(6438e6024490c074da270da0a95c7ed7) Importer(815301076,1909f56bfc062723c751e8b465ee728b)
Start importing Assets/Textures/Creaky Wood.png using Guid(6438e6024490c074da270da0a95c7ed7) Importer(815301076,1909f56bfc062723c751e8b465ee728b)  -> (artifact id: 'cbef79a1b401c74509a3e9c24014939c') in 0.063341 seconds 
  Import took 0.066804 seconds .

========================================================================
Received Import Request.
  Time since last request: 173.700238 seconds.
  path: Assets/Textures/Crunchy Wood.png
  artifactKey: Guid(18bae1b264b080f49b2320754db4183f) Importer(815301076,1909f56bfc062723c751e8b465ee728b)
Start importing Assets/Textures/Crunchy Wood.png using Guid(18bae1b264b080f49b2320754db4183f) Importer(815301076,1909f56bfc062723c751e8b465ee728b)  -> (artifact id: '3aa354f9369870c244c04ba55ca37e55') in 0.035105 seconds 
  Import took 0.040129 seconds .

========================================================================
Received Import Request.
  Time since last request: 41.122085 seconds.
  path: Assets/Textures/Crunchy Wood.png
  artifactKey: Guid(18bae1b264b080f49b2320754db4183f) Importer(815301076,1909f56bfc062723c751e8b465ee728b)
Start importing Assets/Textures/Crunchy Wood.png using Guid(18bae1b264b080f49b2320754db4183f) Importer(815301076,1909f56bfc062723c751e8b465ee728b)  -> (artifact id: '1eca50984a9529a0de1f12934220be13') in 0.036261 seconds 
  Import took 0.039778 seconds .

========================================================================
Received Import Request.
  Time since last request: 9.681290 seconds.
  path: Assets/Textures/Crunchy Wood.png
  artifactKey: Guid(18bae1b264b080f49b2320754db4183f) Importer(815301076,1909f56bfc062723c751e8b465ee728b)
Start importing Assets/Textures/Crunchy Wood.png using Guid(18bae1b264b080f49b2320754db4183f) Importer(815301076,1909f56bfc062723c751e8b465ee728b)  -> (artifact id: 'e842ab86da8713e52044d0c76654a216') in 0.037055 seconds 
  Import took 0.040656 seconds .

========================================================================
Received Import Request.
  Time since last request: 5.280528 seconds.
  path: Assets/Textures/Crunchy Wood.png
  artifactKey: Guid(18bae1b264b080f49b2320754db4183f) Importer(815301076,1909f56bfc062723c751e8b465ee728b)
Start importing Assets/Textures/Crunchy Wood.png using Guid(18bae1b264b080f49b2320754db4183f) Importer(815301076,1909f56bfc062723c751e8b465ee728b)  -> (artifact id: 'a5ee15c22686b50476c8b8735d79fdbc') in 0.023207 seconds 
  Import took 0.027324 seconds .

========================================================================
Received Import Request.
  Time since last request: 12.554302 seconds.
  path: Assets/Textures/Crunchy Wood.png
  artifactKey: Guid(18bae1b264b080f49b2320754db4183f) Importer(815301076,1909f56bfc062723c751e8b465ee728b)
Start importing Assets/Textures/Crunchy Wood.png using Guid(18bae1b264b080f49b2320754db4183f) Importer(815301076,1909f56bfc062723c751e8b465ee728b)  -> (artifact id: 'd77a178de8ce46c3a9a8d9ab8ab97171') in 0.035525 seconds 
  Import took 0.039426 seconds .

========================================================================
Received Import Request.
  Time since last request: 31.401568 seconds.
  path: Assets/Textures/Crunchy Wood.png
  artifactKey: Guid(18bae1b264b080f49b2320754db4183f) Importer(815301076,1909f56bfc062723c751e8b465ee728b)
Start importing Assets/Textures/Crunchy Wood.png using Guid(18bae1b264b080f49b2320754db4183f) Importer(815301076,1909f56bfc062723c751e8b465ee728b)  -> (artifact id: 'd4fd184b4f24ee20093a45b75538de64') in 0.034723 seconds 
  Import took 0.038002 seconds .

========================================================================
Received Import Request.
  Time since last request: 4.495199 seconds.
  path: Assets/Textures/Crunchy Wood.png
  artifactKey: Guid(18bae1b264b080f49b2320754db4183f) Importer(815301076,1909f56bfc062723c751e8b465ee728b)
Start importing Assets/Textures/Crunchy Wood.png using Guid(18bae1b264b080f49b2320754db4183f) Importer(815301076,1909f56bfc062723c751e8b465ee728b)  -> (artifact id: '874837fe44d73ee0a62984a88061b957') in 0.032816 seconds 
  Import took 0.035861 seconds .

========================================================================
Received Import Request.
  Time since last request: 204.891939 seconds.
  path: Assets/Textures/Haunted Roof.png
  artifactKey: Guid(f6262a37e7eab4740b3cfe3608b93b69) Importer(815301076,1909f56bfc062723c751e8b465ee728b)
Start importing Assets/Textures/Haunted Roof.png using Guid(f6262a37e7eab4740b3cfe3608b93b69) Importer(815301076,1909f56bfc062723c751e8b465ee728b)  -> (artifact id: 'c7f6f1dad03761db74605edd6ca8dc4e') in 0.042366 seconds 
  Import took 0.046074 seconds .

========================================================================
Received Import Request.
  Time since last request: 0.000858 seconds.
  path: Assets/Textures/Haunted Roof.png
  artifactKey: Guid(f6262a37e7eab4740b3cfe3608b93b69) Importer(815301076,1909f56bfc062723c751e8b465ee728b)
Start importing Assets/Textures/Haunted Roof.png using Guid(f6262a37e7eab4740b3cfe3608b93b69) Importer(815301076,1909f56bfc062723c751e8b465ee728b)  -> (artifact id: 'c7f6f1dad03761db74605edd6ca8dc4e') in 0.029772 seconds 
  Import took 0.032483 seconds .

========================================================================
Received Import Request.
  Time since last request: 25.545127 seconds.
  path: Assets/Textures/Haunted Roof.png
  artifactKey: Guid(f6262a37e7eab4740b3cfe3608b93b69) Importer(815301076,1909f56bfc062723c751e8b465ee728b)
Start importing Assets/Textures/Haunted Roof.png using Guid(f6262a37e7eab4740b3cfe3608b93b69) Importer(815301076,1909f56bfc062723c751e8b465ee728b)  -> (artifact id: '163cc5525e46af9f2087c32c9d940c00') in 0.045095 seconds 
  Import took 0.048591 seconds .

========================================================================
Received Import Request.
  Time since last request: 93.302079 seconds.
  path: Assets/Textures/Haunted Siding.png
  artifactKey: Guid(b6ec676d90de06143a89830a541ff2f4) Importer(815301076,1909f56bfc062723c751e8b465ee728b)
Start importing Assets/Textures/Haunted Siding.png using Guid(b6ec676d90de06143a89830a541ff2f4) Importer(815301076,1909f56bfc062723c751e8b465ee728b)  -> (artifact id: '6f34b55313bfb560f4cdee08f6c6cab7') in 0.033944 seconds 
  Import took 0.037001 seconds .

========================================================================
Received Import Request.
  Time since last request: 9.297397 seconds.
  path: Assets/Textures/Haunted Siding.png
  artifactKey: Guid(b6ec676d90de06143a89830a541ff2f4) Importer(815301076,1909f56bfc062723c751e8b465ee728b)
Start importing Assets/Textures/Haunted Siding.png using Guid(b6ec676d90de06143a89830a541ff2f4) Importer(815301076,1909f56bfc062723c751e8b465ee728b)  -> (artifact id: '6ced09b9d62ffe9bd8d6c1f60aae3eda') in 0.031529 seconds 
  Import took 0.035072 seconds .

========================================================================
Received Import Request.
  Time since last request: 185.913486 seconds.
  path: Assets/Textures/Ice.png
  artifactKey: Guid(adc863c61ab6a8a4192a85e160ad8c03) Importer(815301076,1909f56bfc062723c751e8b465ee728b)
Start importing Assets/Textures/Ice.png using Guid(adc863c61ab6a8a4192a85e160ad8c03) Importer(815301076,1909f56bfc062723c751e8b465ee728b)  -> (artifact id: '16de60929c7c719c6bad3b6ef5cd4629') in 0.032939 seconds 
  Import took 0.036659 seconds .

========================================================================
Received Import Request.
  Time since last request: 0.006285 seconds.
  path: Assets/Textures/Ice.png
  artifactKey: Guid(adc863c61ab6a8a4192a85e160ad8c03) Importer(815301076,1909f56bfc062723c751e8b465ee728b)
Start importing Assets/Textures/Ice.png using Guid(adc863c61ab6a8a4192a85e160ad8c03) Importer(815301076,1909f56bfc062723c751e8b465ee728b)  -> (artifact id: '16de60929c7c719c6bad3b6ef5cd4629') in 0.017454 seconds 
  Import took 0.020402 seconds .

========================================================================
Received Import Request.
  Time since last request: 12.866616 seconds.
  path: Assets/Textures/Ice.png
  artifactKey: Guid(adc863c61ab6a8a4192a85e160ad8c03) Importer(815301076,1909f56bfc062723c751e8b465ee728b)
Start importing Assets/Textures/Ice.png using Guid(adc863c61ab6a8a4192a85e160ad8c03) Importer(815301076,1909f56bfc062723c751e8b465ee728b)  -> (artifact id: 'b9b6e8441b5bfdda004d3472d3d0010f') in 0.022309 seconds 
  Import took 0.025501 seconds .

========================================================================
Received Import Request.
  Time since last request: 162.128608 seconds.
  path: Assets/Textures/Water.png
  artifactKey: Guid(fee4c301baca13848989ebbcc5d305fa) Importer(815301076,1909f56bfc062723c751e8b465ee728b)
Start importing Assets/Textures/Water.png using Guid(fee4c301baca13848989ebbcc5d305fa) Importer(815301076,1909f56bfc062723c751e8b465ee728b)  -> (artifact id: '8d7c6931bfa134d9dc55ab35e8afd3ab') in 0.025215 seconds 
  Import took 0.028614 seconds .

========================================================================
Received Import Request.
  Time since last request: 184.999493 seconds.
  path: Assets/Sprites/Misc/Seagull.png
  artifactKey: Guid(1f7466a0c15c69d49915bfea537a802a) Importer(815301076,1909f56bfc062723c751e8b465ee728b)
Start importing Assets/Sprites/Misc/Seagull.png using Guid(1f7466a0c15c69d49915bfea537a802a) Importer(815301076,1909f56bfc062723c751e8b465ee728b)  -> (artifact id: 'defad5a2d20b2a7379823e47cb1cdbb5') in 0.018548 seconds 
  Import took 0.023105 seconds .

========================================================================
Received Import Request.
  Time since last request: 13.344202 seconds.
  path: Assets/Sprites/Misc/Seagull.png
  artifactKey: Guid(1f7466a0c15c69d49915bfea537a802a) Importer(815301076,1909f56bfc062723c751e8b465ee728b)
Start importing Assets/Sprites/Misc/Seagull.png using Guid(1f7466a0c15c69d49915bfea537a802a) Importer(815301076,1909f56bfc062723c751e8b465ee728b)  -> (artifact id: '4d5b47c21b2e340ef453326eee7336b0') in 0.017564 seconds 
  Import took 0.020705 seconds .

========================================================================
Received Import Request.
  Time since last request: 232.463986 seconds.
  path: Assets/Sprites/Crab/Pumpkin Leg.png
  artifactKey: Guid(136f22b715be24145a3e1f842aa8b4f3) Importer(815301076,1909f56bfc062723c751e8b465ee728b)
Start importing Assets/Sprites/Crab/Pumpkin Leg.png using Guid(136f22b715be24145a3e1f842aa8b4f3) Importer(815301076,1909f56bfc062723c751e8b465ee728b)  -> (artifact id: 'c534f5d15e41a663344519277e7ca75e') in 0.044664 seconds 
  Import took 0.048838 seconds .

========================================================================
Received Import Request.
  Time since last request: 0.000256 seconds.
  path: Assets/Sprites/Crab/Arm.png
  artifactKey: Guid(19a0df6d703504c4e81b5cf8ddabeab7) Importer(815301076,1909f56bfc062723c751e8b465ee728b)
Start importing Assets/Sprites/Crab/Arm.png using Guid(19a0df6d703504c4e81b5cf8ddabeab7) Importer(815301076,1909f56bfc062723c751e8b465ee728b)  -> (artifact id: '3c5f0fddaa477da224efb12be8e09ec7') in 0.021672 seconds 
  Import took 0.025383 seconds .

========================================================================
Received Import Request.
  Time since last request: 0.000178 seconds.
  path: Assets/Sprites/Crab/Leg.png
  artifactKey: Guid(76975eae34e55c0449f88f6c40fe35c8) Importer(815301076,1909f56bfc062723c751e8b465ee728b)
Start importing Assets/Sprites/Crab/Leg.png using Guid(76975eae34e55c0449f88f6c40fe35c8) Importer(815301076,1909f56bfc062723c751e8b465ee728b)  -> (artifact id: '02c20fec63dfcf8e2de7c4881591b079') in 0.023502 seconds 
  Import took 0.027546 seconds .

========================================================================
Received Import Request.
  Time since last request: 0.000197 seconds.
  path: Assets/Sprites/Crab/Pumpkin Arm.png
  artifactKey: Guid(7acbe070cf871624e8ad48d9207414fc) Importer(815301076,1909f56bfc062723c751e8b465ee728b)
Start importing Assets/Sprites/Crab/Pumpkin Arm.png using Guid(7acbe070cf871624e8ad48d9207414fc) Importer(815301076,1909f56bfc062723c751e8b465ee728b)  -> (artifact id: '12dc7cd9adffeef8a6b664dd3aa91914') in 0.019915 seconds 
  Import took 0.023311 seconds .

========================================================================
Received Import Request.
  Time since last request: 0.000205 seconds.
  path: Assets/Sprites/Crab/Body.png
  artifactKey: Guid(203d3a74a920c7940a88353c544e937e) Importer(815301076,1909f56bfc062723c751e8b465ee728b)
Start importing Assets/Sprites/Crab/Body.png using Guid(203d3a74a920c7940a88353c544e937e) Importer(815301076,1909f56bfc062723c751e8b465ee728b)  -> (artifact id: 'ac45bd4ef255a04f4066ea988d8fd27e') in 0.013861 seconds 
  Import took 0.016958 seconds .

========================================================================
Received Import Request.
  Time since last request: 0.000208 seconds.
  path: Assets/Sprites/Crab/Pumpkin Body.png
  artifactKey: Guid(77033e9993ad3744ba7ce6c4f67e86f1) Importer(815301076,1909f56bfc062723c751e8b465ee728b)
Start importing Assets/Sprites/Crab/Pumpkin Body.png using Guid(77033e9993ad3744ba7ce6c4f67e86f1) Importer(815301076,1909f56bfc062723c751e8b465ee728b)  -> (artifact id: '405eb6ba43cdddc590248109a050b070') in 0.013087 seconds 
  Import took 0.016026 seconds .

========================================================================
Received Import Request.
  Time since last request: 5.583479 seconds.
  path: Assets/Sprites/Crab/Arm.png
  artifactKey: Guid(19a0df6d703504c4e81b5cf8ddabeab7) Importer(815301076,1909f56bfc062723c751e8b465ee728b)
Start importing Assets/Sprites/Crab/Arm.png using Guid(19a0df6d703504c4e81b5cf8ddabeab7) Importer(815301076,1909f56bfc062723c751e8b465ee728b)  -> (artifact id: 'ae965dcd0a7c5d5e553023d140dcf0c1') in 0.036788 seconds 
  Import took 0.040874 seconds .

========================================================================
Received Import Request.
  Time since last request: 8.309360 seconds.
  path: Assets/Sprites/Crab/Body.png
  artifactKey: Guid(203d3a74a920c7940a88353c544e937e) Importer(815301076,1909f56bfc062723c751e8b465ee728b)
Start importing Assets/Sprites/Crab/Body.png using Guid(203d3a74a920c7940a88353c544e937e) Importer(815301076,1909f56bfc062723c751e8b465ee728b)  -> (artifact id: 'b8d5aae7091ad88c740aa5b9757e100e') in 0.019811 seconds 
  Import took 0.022611 seconds .

========================================================================
Received Import Request.
  Time since last request: 5.152096 seconds.
  path: Assets/Sprites/Crab/Leg.png
  artifactKey: Guid(76975eae34e55c0449f88f6c40fe35c8) Importer(815301076,1909f56bfc062723c751e8b465ee728b)
Start importing Assets/Sprites/Crab/Leg.png using Guid(76975eae34e55c0449f88f6c40fe35c8) Importer(815301076,1909f56bfc062723c751e8b465ee728b)  -> (artifact id: '79e3894ad90593c746d3ff684e3e38f3') in 0.031967 seconds 
  Import took 0.036138 seconds .

========================================================================
Received Import Request.
  Time since last request: 5.633997 seconds.
  path: Assets/Sprites/Crab/Pumpkin Arm.png
  artifactKey: Guid(7acbe070cf871624e8ad48d9207414fc) Importer(815301076,1909f56bfc062723c751e8b465ee728b)
Start importing Assets/Sprites/Crab/Pumpkin Arm.png using Guid(7acbe070cf871624e8ad48d9207414fc) Importer(815301076,1909f56bfc062723c751e8b465ee728b)  -> (artifact id: '58fb788c7dcc7e4199294c8ac233f773') in 0.037555 seconds 
  Import took 0.040844 seconds .

========================================================================
Received Import Request.
  Time since last request: 4.782434 seconds.
  path: Assets/Sprites/Crab/Pumpkin Body.png
  artifactKey: Guid(77033e9993ad3744ba7ce6c4f67e86f1) Importer(815301076,1909f56bfc062723c751e8b465ee728b)
Start importing Assets/Sprites/Crab/Pumpkin Body.png using Guid(77033e9993ad3744ba7ce6c4f67e86f1) Importer(815301076,1909f56bfc062723c751e8b465ee728b)  -> (artifact id: 'fb5fb5c80ea3cccac09d42044989bae4') in 0.020034 seconds 
  Import took 0.023629 seconds .

========================================================================
Received Import Request.
  Time since last request: 4.580289 seconds.
  path: Assets/Sprites/Crab/Pumpkin Leg.png
  artifactKey: Guid(136f22b715be24145a3e1f842aa8b4f3) Importer(815301076,1909f56bfc062723c751e8b465ee728b)
Start importing Assets/Sprites/Crab/Pumpkin Leg.png using Guid(136f22b715be24145a3e1f842aa8b4f3) Importer(815301076,1909f56bfc062723c751e8b465ee728b)  -> (artifact id: '66c41a23e5de32ce26025300b3145622') in 0.028647 seconds 
  Import took 0.032645 seconds .

========================================================================
Received Prepare
Registering precompiled user dll's ...
Registered in 0.003063 seconds.
Begin MonoManager ReloadAssembly
Native extension for WindowsStandalone target not found
Refreshing native plugins compatible for Editor in 0.43 ms, found 3 plugins.
Preloading 0 native plugins for Editor in 0.00 ms.
Mono: successfully reloaded assembly
- Completed reload, in  0.856 seconds
Domain Reload Profiling:
	ReloadAssembly (856ms)
		BeginReloadAssembly (97ms)
			ExecutionOrderSort (0ms)
			DisableScriptedObjects (5ms)
			BackupInstance (0ms)
			ReleaseScriptingObjects (0ms)
			CreateAndSetChildDomain (31ms)
		EndReloadAssembly (706ms)
			LoadAssemblies (73ms)
			RebuildTransferFunctionScriptingTraits (0ms)
			SetupTypeCache (245ms)
			ReleaseScriptCaches (1ms)
			RebuildScriptCaches (41ms)
			SetupLoadedEditorAssemblies (258ms)
				LogAssemblyErrors (0ms)
				InitializePlatformSupportModulesInManaged (4ms)
				SetLoadedEditorAssemblies (0ms)
				RefreshPlugins (0ms)
				BeforeProcessingInitializeOnLoad (81ms)
				ProcessInitializeOnLoadAttributes (162ms)
				ProcessInitializeOnLoadMethodAttributes (5ms)
				AfterProcessingInitializeOnLoad (5ms)
				EditorAssembliesLoaded (0ms)
			ExecutionOrderSort2 (0ms)
			AwakeInstancesAfterBackupRestoration (8ms)
Platform modules already initialized, skipping
Refreshing native plugins compatible for Editor in 0.43 ms, found 3 plugins.
Preloading 0 native plugins for Editor in 0.00 ms.
Unloading 2102 Unused Serialized files (Serialized files now loaded: 0)
System memory in use before: 97.1 MB.
System memory in use after: 97.2 MB.

Unloading 17 unused Assets to reduce memory usage. Loaded Objects now: 2594.
Total: 1.969600 ms (FindLiveObjects: 0.185800 ms CreateObjectMapping: 0.072800 ms MarkObjects: 1.696200 ms  DeleteObjects: 0.013900 ms)

AssetImportParameters requested are different than current active one (requested -> active):
  custom:framework-win-MediaFoundation: 216162199b28c13a410421893ffa2e32 -> 
  custom:video-decoder-ogg-theora: a1e56fd34408186e4bbccfd4996cb3dc -> 
  custom:container-muxer-webm: aa71ff27fc2769a1b78a27578f13a17b -> 
  custom:container-demuxer-webm: 4f35f7cbe854078d1ac9338744f61a02 -> 
  custom:container-demuxer-ogg: 62fdf1f143b41e24485cea50d1cbac27 -> 
  custom:video-encoder-webm-vp8: eb34c28f22e8b96e1ab97ce403110664 -> 
  custom:video-decoder-webm-vp8: 9c59270c3fd7afecdb556c50c9e8de78 -> 
  custom:audio-decoder-ogg-vorbis: bf7c407c2cedff20999df2af8eb42d56 -> 
  custom:audio-encoder-webm-vorbis: bf7c407c2cedff20999df2af8eb42d56 -> 
========================================================================
Received Prepare
Registering precompiled user dll's ...
Registered in 0.003030 seconds.
Begin MonoManager ReloadAssembly
Native extension for WindowsStandalone target not found
Refreshing native plugins compatible for Editor in 0.39 ms, found 3 plugins.
Preloading 0 native plugins for Editor in 0.00 ms.
Mono: successfully reloaded assembly
- Completed reload, in  0.799 seconds
Domain Reload Profiling:
	ReloadAssembly (799ms)
		BeginReloadAssembly (98ms)
			ExecutionOrderSort (0ms)
			DisableScriptedObjects (5ms)
			BackupInstance (0ms)
			ReleaseScriptingObjects (0ms)
			CreateAndSetChildDomain (28ms)
		EndReloadAssembly (651ms)
			LoadAssemblies (66ms)
			RebuildTransferFunctionScriptingTraits (0ms)
			SetupTypeCache (224ms)
			ReleaseScriptCaches (1ms)
			RebuildScriptCaches (37ms)
			SetupLoadedEditorAssemblies (238ms)
				LogAssemblyErrors (0ms)
				InitializePlatformSupportModulesInManaged (4ms)
				SetLoadedEditorAssemblies (0ms)
				RefreshPlugins (0ms)
				BeforeProcessingInitializeOnLoad (77ms)
				ProcessInitializeOnLoadAttributes (148ms)
				ProcessInitializeOnLoadMethodAttributes (4ms)
				AfterProcessingInitializeOnLoad (5ms)
				EditorAssembliesLoaded (0ms)
			ExecutionOrderSort2 (0ms)
			AwakeInstancesAfterBackupRestoration (8ms)
Platform modules already initialized, skipping
Refreshing native plugins compatible for Editor in 0.39 ms, found 3 plugins.
Preloading 0 native plugins for Editor in 0.00 ms.
Unloading 2102 Unused Serialized files (Serialized files now loaded: 0)
System memory in use before: 97.1 MB.
System memory in use after: 97.2 MB.

Unloading 17 unused Assets to reduce memory usage. Loaded Objects now: 2597.
Total: 2.057800 ms (FindLiveObjects: 0.184600 ms CreateObjectMapping: 0.076600 ms MarkObjects: 1.773900 ms  DeleteObjects: 0.021800 ms)

AssetImportParameters requested are different than current active one (requested -> active):
  custom:framework-win-MediaFoundation: 216162199b28c13a410421893ffa2e32 -> 
  custom:video-decoder-ogg-theora: a1e56fd34408186e4bbccfd4996cb3dc -> 
  custom:container-muxer-webm: aa71ff27fc2769a1b78a27578f13a17b -> 
  custom:container-demuxer-webm: 4f35f7cbe854078d1ac9338744f61a02 -> 
  custom:container-demuxer-ogg: 62fdf1f143b41e24485cea50d1cbac27 -> 
  custom:video-encoder-webm-vp8: eb34c28f22e8b96e1ab97ce403110664 -> 
  custom:video-decoder-webm-vp8: 9c59270c3fd7afecdb556c50c9e8de78 -> 
  custom:audio-decoder-ogg-vorbis: bf7c407c2cedff20999df2af8eb42d56 -> 
  custom:audio-encoder-webm-vorbis: bf7c407c2cedff20999df2af8eb42d56 -> 
========================================================================
Received Import Request.
  Time since last request: 269.856603 seconds.
  path: Assets/Scripts/SFX/Play_Sound_on_Collision.cs
  artifactKey: Guid(46cd839dcf8481a48b077aadecf94d32) Importer(815301076,1909f56bfc062723c751e8b465ee728b)
Start importing Assets/Scripts/SFX/Play_Sound_on_Collision.cs using Guid(46cd839dcf8481a48b077aadecf94d32) Importer(815301076,1909f56bfc062723c751e8b465ee728b)  -> (artifact id: 'a96882db47d372640e120c22188a56e4') in 0.009989 seconds 
  Import took 0.013160 seconds .

========================================================================
Received Prepare
Registering precompiled user dll's ...
Registered in 0.002905 seconds.
Begin MonoManager ReloadAssembly
Native extension for WindowsStandalone target not found
Refreshing native plugins compatible for Editor in 0.39 ms, found 3 plugins.
Preloading 0 native plugins for Editor in 0.00 ms.
Mono: successfully reloaded assembly
- Completed reload, in  0.782 seconds
Domain Reload Profiling:
	ReloadAssembly (783ms)
		BeginReloadAssembly (81ms)
			ExecutionOrderSort (0ms)
			DisableScriptedObjects (5ms)
			BackupInstance (0ms)
			ReleaseScriptingObjects (0ms)
			CreateAndSetChildDomain (25ms)
		EndReloadAssembly (651ms)
			LoadAssemblies (66ms)
			RebuildTransferFunctionScriptingTraits (0ms)
			SetupTypeCache (227ms)
			ReleaseScriptCaches (1ms)
			RebuildScriptCaches (37ms)
			SetupLoadedEditorAssemblies (237ms)
				LogAssemblyErrors (0ms)
				InitializePlatformSupportModulesInManaged (4ms)
				SetLoadedEditorAssemblies (0ms)
				RefreshPlugins (0ms)
				BeforeProcessingInitializeOnLoad (75ms)
				ProcessInitializeOnLoadAttributes (149ms)
				ProcessInitializeOnLoadMethodAttributes (4ms)
				AfterProcessingInitializeOnLoad (5ms)
				EditorAssembliesLoaded (0ms)
			ExecutionOrderSort2 (0ms)
			AwakeInstancesAfterBackupRestoration (8ms)
Platform modules already initialized, skipping
Refreshing native plugins compatible for Editor in 0.39 ms, found 3 plugins.
Preloading 0 native plugins for Editor in 0.00 ms.
Unloading 2102 Unused Serialized files (Serialized files now loaded: 0)
System memory in use before: 97.2 MB.
System memory in use after: 97.3 MB.

Unloading 17 unused Assets to reduce memory usage. Loaded Objects now: 2600.
Total: 1.826900 ms (FindLiveObjects: 0.140900 ms CreateObjectMapping: 0.056400 ms MarkObjects: 1.598900 ms  DeleteObjects: 0.029900 ms)

AssetImportParameters requested are different than current active one (requested -> active):
  custom:framework-win-MediaFoundation: 216162199b28c13a410421893ffa2e32 -> 
  custom:video-decoder-ogg-theora: a1e56fd34408186e4bbccfd4996cb3dc -> 
  custom:container-muxer-webm: aa71ff27fc2769a1b78a27578f13a17b -> 
  custom:container-demuxer-webm: 4f35f7cbe854078d1ac9338744f61a02 -> 
  custom:container-demuxer-ogg: 62fdf1f143b41e24485cea50d1cbac27 -> 
  custom:video-encoder-webm-vp8: eb34c28f22e8b96e1ab97ce403110664 -> 
  custom:video-decoder-webm-vp8: 9c59270c3fd7afecdb556c50c9e8de78 -> 
  custom:audio-decoder-ogg-vorbis: bf7c407c2cedff20999df2af8eb42d56 -> 
  custom:audio-encoder-webm-vorbis: bf7c407c2cedff20999df2af8eb42d56 -> 
========================================================================
Received Import Request.
  Time since last request: 22.402722 seconds.
  path: Assets/Sprites/Buildings/Materials
  artifactKey: Guid(a415c90ae2dc40d4e9ad23d70324b253) Importer(815301076,1909f56bfc062723c751e8b465ee728b)
Start importing Assets/Sprites/Buildings/Materials using Guid(a415c90ae2dc40d4e9ad23d70324b253) Importer(815301076,1909f56bfc062723c751e8b465ee728b)  -> (artifact id: 'd4c755c4b568be51f799ee66d74ab0c2') in 0.006452 seconds 
  Import took 0.009260 seconds .

========================================================================
Received Import Request.
  Time since last request: 62.170962 seconds.
  path: Assets/Sprites/Buildings/Skyscraper 3.png
  artifactKey: Guid(dafe63ebc99e938489c4cd90b3a89e30) Importer(815301076,1909f56bfc062723c751e8b465ee728b)
Start importing Assets/Sprites/Buildings/Skyscraper 3.png using Guid(dafe63ebc99e938489c4cd90b3a89e30) Importer(815301076,1909f56bfc062723c751e8b465ee728b)  -> (artifact id: 'fd6d3554a448f42eb60c9a53fbeaf066') in 0.048576 seconds 
  Import took 0.051913 seconds .

========================================================================
Received Import Request.
  Time since last request: 6.100510 seconds.
  path: Assets/Sprites/Buildings/Skyscraper 3.png
  artifactKey: Guid(dafe63ebc99e938489c4cd90b3a89e30) Importer(815301076,1909f56bfc062723c751e8b465ee728b)
Start importing Assets/Sprites/Buildings/Skyscraper 3.png using Guid(dafe63ebc99e938489c4cd90b3a89e30) Importer(815301076,1909f56bfc062723c751e8b465ee728b)  -> (artifact id: '3f3dcc62b1c509b16449567f61f556b0') in 0.017583 seconds 
  Import took 0.021133 seconds .

========================================================================
Received Import Request.
  Time since last request: 113.375221 seconds.
  path: Assets/Sprites/Buildings/Haunted Mansion.png
  artifactKey: Guid(a38e62d623c46314788095962d64cfe5) Importer(815301076,1909f56bfc062723c751e8b465ee728b)
Start importing Assets/Sprites/Buildings/Haunted Mansion.png using Guid(a38e62d623c46314788095962d64cfe5) Importer(815301076,1909f56bfc062723c751e8b465ee728b)  -> (artifact id: '6a2666960acf2925471abf627c8454a0') in 0.024358 seconds 
  Import took 0.027790 seconds .

========================================================================
Received Import Request.
  Time since last request: 10.902071 seconds.
  path: Assets/Sprites/Buildings/Haunted Mansion.png
  artifactKey: Guid(a38e62d623c46314788095962d64cfe5) Importer(815301076,1909f56bfc062723c751e8b465ee728b)
Start importing Assets/Sprites/Buildings/Haunted Mansion.png using Guid(a38e62d623c46314788095962d64cfe5) Importer(815301076,1909f56bfc062723c751e8b465ee728b)  -> (artifact id: 'ca2f2458ebf41aca5717d25ad4201731') in 0.022645 seconds 
  Import took 0.025427 seconds .

========================================================================
Received Import Request.
  Time since last request: 63.375294 seconds.
  path: Assets/Sprites/Crab
  artifactKey: Guid(9d937610c1e3ea64a8a47f04bf433d06) Importer(815301076,1909f56bfc062723c751e8b465ee728b)
Start importing Assets/Sprites/Crab using Guid(9d937610c1e3ea64a8a47f04bf433d06) Importer(815301076,1909f56bfc062723c751e8b465ee728b)  -> (artifact id: 'cbb79d0b7c5a2bc98b25c72c70e91695') in 0.005180 seconds 
  Import took 0.008889 seconds .

========================================================================
Received Import Request.
  Time since last request: 2.153701 seconds.
  path: Assets/Sprites/Crab/Materials
  artifactKey: Guid(f0c291894f686044080d997e35c969c3) Importer(815301076,1909f56bfc062723c751e8b465ee728b)
Start importing Assets/Sprites/Crab/Materials using Guid(f0c291894f686044080d997e35c969c3) Importer(815301076,1909f56bfc062723c751e8b465ee728b)  -> (artifact id: '3f57e0ebfe7dcf831e68d450596fe9fb') in 0.002269 seconds 
  Import took 0.005466 seconds .

========================================================================
Received Import Request.
  Time since last request: 0.088049 seconds.
  path: Assets/Sprites/Crab/Materials/Pumpkin Arm.mat
  artifactKey: Guid(f16c197fcbb350d46b5ec9345808aa3c) Importer(815301076,1909f56bfc062723c751e8b465ee728b)
Start importing Assets/Sprites/Crab/Materials/Pumpkin Arm.mat using Guid(f16c197fcbb350d46b5ec9345808aa3c) Importer(815301076,1909f56bfc062723c751e8b465ee728b)  -> (artifact id: 'cdaabc232c589b4567bef5ce6de61618') in 0.040128 seconds 
  Import took 0.044235 seconds .

========================================================================
Received Import Request.
  Time since last request: 160.816886 seconds.
  path: Assets/Sprites/Misc/Bimmy Slide.png
  artifactKey: Guid(62cbdf01995bedd4ca39579f5ddd2d6d) Importer(815301076,1909f56bfc062723c751e8b465ee728b)
Start importing Assets/Sprites/Misc/Bimmy Slide.png using Guid(62cbdf01995bedd4ca39579f5ddd2d6d) Importer(815301076,1909f56bfc062723c751e8b465ee728b)  -> (artifact id: '090a6a5dda066cb81491045c8c9f5e73') in 0.034260 seconds 
  Import took 0.038520 seconds .

========================================================================
Received Import Request.
  Time since last request: 6.175678 seconds.
  path: Assets/Sprites/Misc/Bimmy Slide.png
  artifactKey: Guid(62cbdf01995bedd4ca39579f5ddd2d6d) Importer(815301076,1909f56bfc062723c751e8b465ee728b)
Start importing Assets/Sprites/Misc/Bimmy Slide.png using Guid(62cbdf01995bedd4ca39579f5ddd2d6d) Importer(815301076,1909f56bfc062723c751e8b465ee728b)  -> (artifact id: '6734bc082ac8b20122a54b8f0e5fbe96') in 0.029869 seconds 
  Import took 0.033272 seconds .

========================================================================
Received Import Request.
  Time since last request: 146.992486 seconds.
  path: Assets/Sprites/Misc/Seagull.png
  artifactKey: Guid(1f7466a0c15c69d49915bfea537a802a) Importer(815301076,1909f56bfc062723c751e8b465ee728b)
Start importing Assets/Sprites/Misc/Seagull.png using Guid(1f7466a0c15c69d49915bfea537a802a) Importer(815301076,1909f56bfc062723c751e8b465ee728b)  -> (artifact id: '2bdc2c2dc542976247717de8b50e7848') in 0.055122 seconds 
  Import took 0.058799 seconds .

========================================================================
Received Import Request.
  Time since last request: 0.000204 seconds.
  path: Assets/Sprites/Misc/Bimmy Slide.png
  artifactKey: Guid(62cbdf01995bedd4ca39579f5ddd2d6d) Importer(815301076,1909f56bfc062723c751e8b465ee728b)
Start importing Assets/Sprites/Misc/Bimmy Slide.png using Guid(62cbdf01995bedd4ca39579f5ddd2d6d) Importer(815301076,1909f56bfc062723c751e8b465ee728b)  -> (artifact id: '007a566e3f53c50b1be8beac4a953724') in 0.016103 seconds 
  Import took 0.019213 seconds .

========================================================================
Received Import Request.
  Time since last request: 0.000220 seconds.
  path: Assets/Sprites/Misc/Parasol.png
  artifactKey: Guid(0cd968ca7f8ecb942b33804c42b5522e) Importer(815301076,1909f56bfc062723c751e8b465ee728b)
Start importing Assets/Sprites/Misc/Parasol.png using Guid(0cd968ca7f8ecb942b33804c42b5522e) Importer(815301076,1909f56bfc062723c751e8b465ee728b)  -> (artifact id: '0ce273b29fbce618262c29eaffdf55c1') in 0.014854 seconds 
  Import took 0.018079 seconds .

========================================================================
Received Import Request.
  Time since last request: 0.000169 seconds.
  path: Assets/Sprites/Misc/Checkpoint Crown.png
  artifactKey: Guid(7e88f76ed58b8964aaf9945a212e1227) Importer(815301076,1909f56bfc062723c751e8b465ee728b)
Start importing Assets/Sprites/Misc/Checkpoint Crown.png using Guid(7e88f76ed58b8964aaf9945a212e1227) Importer(815301076,1909f56bfc062723c751e8b465ee728b)  -> (artifact id: 'ad42d8a6d33c6a138c87e8d68f9ab181') in 0.013813 seconds 
  Import took 0.016666 seconds .

========================================================================
Received Import Request.
  Time since last request: 0.000230 seconds.
  path: Assets/Sprites/Misc/Pumpkin.png
  artifactKey: Guid(c9dbeb633dccbf74ab712eb6a744fef1) Importer(815301076,1909f56bfc062723c751e8b465ee728b)
Start importing Assets/Sprites/Misc/Pumpkin.png using Guid(c9dbeb633dccbf74ab712eb6a744fef1) Importer(815301076,1909f56bfc062723c751e8b465ee728b)  -> (artifact id: '49bf53941e3e65039fb6d3ee194d57c0') in 0.015060 seconds 
  Import took 0.018228 seconds .

========================================================================
Received Import Request.
  Time since last request: 0.000206 seconds.
  path: Assets/Sprites/Misc/Surf Board.png
  artifactKey: Guid(401176cc44c70f74ea653e60d6f05a1a) Importer(815301076,1909f56bfc062723c751e8b465ee728b)
Start importing Assets/Sprites/Misc/Surf Board.png using Guid(401176cc44c70f74ea653e60d6f05a1a) Importer(815301076,1909f56bfc062723c751e8b465ee728b)  -> (artifact id: '1304acdf22f27790fbfd809433616094') in 0.013546 seconds 
  Import took 0.016555 seconds .

========================================================================
Received Import Request.
  Time since last request: 0.000216 seconds.
  path: Assets/Sprites/Misc/Swing.png
  artifactKey: Guid(130eadaa7f624a74daa7f1bd9c2aa63e) Importer(815301076,1909f56bfc062723c751e8b465ee728b)
Start importing Assets/Sprites/Misc/Swing.png using Guid(130eadaa7f624a74daa7f1bd9c2aa63e) Importer(815301076,1909f56bfc062723c751e8b465ee728b)  -> (artifact id: '589d10cbb2853dfb955c1ecd24707fe3') in 0.010822 seconds 
  Import took 0.013936 seconds .

========================================================================
Received Import Request.
  Time since last request: 10.367192 seconds.
  path: Assets/Sprites/Trash
  artifactKey: Guid(037d1c207f288a34b875185c7c63ad1c) Importer(815301076,1909f56bfc062723c751e8b465ee728b)
Start importing Assets/Sprites/Trash using Guid(037d1c207f288a34b875185c7c63ad1c) Importer(815301076,1909f56bfc062723c751e8b465ee728b)  -> (artifact id: '428c46320b54bf633fce7ec37b9d28ed') in 0.004497 seconds 
  Import took 0.007686 seconds .

========================================================================
Received Import Request.
  Time since last request: 25.355529 seconds.
  path: Assets/Textures/Water.png
  artifactKey: Guid(fee4c301baca13848989ebbcc5d305fa) Importer(815301076,1909f56bfc062723c751e8b465ee728b)
Start importing Assets/Textures/Water.png using Guid(fee4c301baca13848989ebbcc5d305fa) Importer(815301076,1909f56bfc062723c751e8b465ee728b)  -> (artifact id: 'd5b57081b7c47ab375d0b45f525c3f5a') in 0.126558 seconds 
  Import took 0.131104 seconds .

========================================================================
Received Import Request.
  Time since last request: 0.000229 seconds.
  path: Assets/Textures/Sand.png
  artifactKey: Guid(ac5cad6fea0e9b24aba41feb92f519a6) Importer(815301076,1909f56bfc062723c751e8b465ee728b)
Start importing Assets/Textures/Sand.png using Guid(ac5cad6fea0e9b24aba41feb92f519a6) Importer(815301076,1909f56bfc062723c751e8b465ee728b)  -> (artifact id: '8c125b9c97cea22baeba6e83d86c670c') in 0.037731 seconds 
  Import took 0.041183 seconds .

========================================================================
Received Import Request.
  Time since last request: 0.000168 seconds.
  path: Assets/Textures/Concrete Foundation.png
  artifactKey: Guid(09eb9fd814835ca4abf4c3efc4345558) Importer(815301076,1909f56bfc062723c751e8b465ee728b)
Start importing Assets/Textures/Concrete Foundation.png using Guid(09eb9fd814835ca4abf4c3efc4345558) Importer(815301076,1909f56bfc062723c751e8b465ee728b)  -> (artifact id: 'a9e20f52d49bcb7879974dbd7db8601c') in 0.056466 seconds 
  Import took 0.059805 seconds .

========================================================================
Received Import Request.
  Time since last request: 0.000164 seconds.
  path: Assets/Textures/Rock.png
  artifactKey: Guid(d7c4445721260964fa4c1b3b8a2f28b3) Importer(815301076,1909f56bfc062723c751e8b465ee728b)
Start importing Assets/Textures/Rock.png using Guid(d7c4445721260964fa4c1b3b8a2f28b3) Importer(815301076,1909f56bfc062723c751e8b465ee728b)  -> (artifact id: 'e61595323e3997fdbc9f7640178bc42a') in 0.022869 seconds 
  Import took 0.025679 seconds .

========================================================================
Received Import Request.
  Time since last request: 0.000193 seconds.
  path: Assets/Textures/Asphalt.png
  artifactKey: Guid(a5895106be2b1374bb415870a7f2cf7a) Importer(815301076,1909f56bfc062723c751e8b465ee728b)
Start importing Assets/Textures/Asphalt.png using Guid(a5895106be2b1374bb415870a7f2cf7a) Importer(815301076,1909f56bfc062723c751e8b465ee728b)  -> (artifact id: '638a15de74f363324d29a227c7606783') in 0.040539 seconds 
  Import took 0.044783 seconds .

========================================================================
Received Import Request.
  Time since last request: 0.000226 seconds.
  path: Assets/Textures/Grass.png
  artifactKey: Guid(fedf71fdc435cd740810765ed86fc645) Importer(815301076,1909f56bfc062723c751e8b465ee728b)
Start importing Assets/Textures/Grass.png using Guid(fedf71fdc435cd740810765ed86fc645) Importer(815301076,1909f56bfc062723c751e8b465ee728b)  -> (artifact id: '8c17d3f847904a60dd046239318f0ceb') in 0.021343 seconds 
  Import took 0.023905 seconds .

========================================================================
Received Import Request.
  Time since last request: 0.000141 seconds.
  path: Assets/Textures/Grassy Dirt.png
  artifactKey: Guid(445524630194e0f48ab492642047891e) Importer(815301076,1909f56bfc062723c751e8b465ee728b)
Start importing Assets/Textures/Grassy Dirt.png using Guid(445524630194e0f48ab492642047891e) Importer(815301076,1909f56bfc062723c751e8b465ee728b)  -> (artifact id: '6df1ee4b5f7f1fdb615ff443010c8e4f') in 0.026122 seconds 
  Import took 0.029630 seconds .

========================================================================
Received Import Request.
  Time since last request: 0.000226 seconds.
  path: Assets/Textures/Haunted Windows.png
  artifactKey: Guid(f000c22952326c24c863c50a4c3fd1a2) Importer(815301076,1909f56bfc062723c751e8b465ee728b)
Start importing Assets/Textures/Haunted Windows.png using Guid(f000c22952326c24c863c50a4c3fd1a2) Importer(815301076,1909f56bfc062723c751e8b465ee728b)  -> (artifact id: '45f0ae6581657302092e11fde180cbbf') in 0.013204 seconds 
  Import took 0.016294 seconds .

========================================================================
Received Import Request.
  Time since last request: 0.000197 seconds.
  path: Assets/Textures/Ice.png
  artifactKey: Guid(adc863c61ab6a8a4192a85e160ad8c03) Importer(815301076,1909f56bfc062723c751e8b465ee728b)
Start importing Assets/Textures/Ice.png using Guid(adc863c61ab6a8a4192a85e160ad8c03) Importer(815301076,1909f56bfc062723c751e8b465ee728b)  -> (artifact id: '5f8b1c7b19dbedff27288e2ed008499e') in 0.052798 seconds 
  Import took 0.056487 seconds .

========================================================================
Received Import Request.
  Time since last request: 3.079584 seconds.
  path: Assets/Objects
  artifactKey: Guid(4f35cbb7154e84c40ab64ecdd365ca05) Importer(815301076,1909f56bfc062723c751e8b465ee728b)
Start importing Assets/Objects using Guid(4f35cbb7154e84c40ab64ecdd365ca05) Importer(815301076,1909f56bfc062723c751e8b465ee728b)  -> (artifact id: '72a371c5bbb9fc755ebb2ad2c1392bd0') in 0.005466 seconds 
  Import took 0.008628 seconds .

========================================================================
Received Import Request.
  Time since last request: 9.305397 seconds.
  path: Assets/Sprites/Buildings
  artifactKey: Guid(5ddc83665b66dac428b355610f7cda11) Importer(815301076,1909f56bfc062723c751e8b465ee728b)
Start importing Assets/Sprites/Buildings using Guid(5ddc83665b66dac428b355610f7cda11) Importer(815301076,1909f56bfc062723c751e8b465ee728b)  -> (artifact id: '312b5043ee58c1df42d8614904e42bd9') in 0.004442 seconds 
  Import took 0.007272 seconds .

========================================================================
Received Import Request.
  Time since last request: 9.850136 seconds.
  path: Assets/Sprites/Buildings/Barn.png
  artifactKey: Guid(8061e967942f4814a8392dc8fed580a4) Importer(815301076,1909f56bfc062723c751e8b465ee728b)
Start importing Assets/Sprites/Buildings/Barn.png using Guid(8061e967942f4814a8392dc8fed580a4) Importer(815301076,1909f56bfc062723c751e8b465ee728b)  -> (artifact id: 'ac3c2fc969f82b9ba7b5f8e72959cd25') in 0.050407 seconds 
  Import took 0.053773 seconds .

========================================================================
Received Import Request.
  Time since last request: 0.000223 seconds.
  path: Assets/Sprites/Buildings/Skyscraper 1.png
  artifactKey: Guid(11ee30d3012c1164dbdb926aaa51b284) Importer(815301076,1909f56bfc062723c751e8b465ee728b)
Start importing Assets/Sprites/Buildings/Skyscraper 1.png using Guid(11ee30d3012c1164dbdb926aaa51b284) Importer(815301076,1909f56bfc062723c751e8b465ee728b)  -> (artifact id: '1c6a8c5309fc7f2e17f1d251c938bd80') in 0.016097 seconds 
  Import took 0.019992 seconds .

========================================================================
Received Import Request.
  Time since last request: 0.000244 seconds.
  path: Assets/Sprites/Buildings/Skyscraper 2.png
  artifactKey: Guid(03c7e33d1bb31d74bab642432e25a3fa) Importer(815301076,1909f56bfc062723c751e8b465ee728b)
Start importing Assets/Sprites/Buildings/Skyscraper 2.png using Guid(03c7e33d1bb31d74bab642432e25a3fa) Importer(815301076,1909f56bfc062723c751e8b465ee728b)  -> (artifact id: '71b6de0dc73048b371c21b6008e48e57') in 0.020086 seconds 
  Import took 0.022699 seconds .

========================================================================
Received Import Request.
  Time since last request: 0.000199 seconds.
  path: Assets/Sprites/Buildings/Haunted Mansion.png
  artifactKey: Guid(a38e62d623c46314788095962d64cfe5) Importer(815301076,1909f56bfc062723c751e8b465ee728b)
Start importing Assets/Sprites/Buildings/Haunted Mansion.png using Guid(a38e62d623c46314788095962d64cfe5) Importer(815301076,1909f56bfc062723c751e8b465ee728b)  -> (artifact id: 'bfbf1cbcf5d9742ce85f72587704d298') in 0.021974 seconds 
  Import took 0.025838 seconds .

========================================================================
Received Import Request.
  Time since last request: 0.000137 seconds.
  path: Assets/Sprites/Buildings/Skyscraper 4.png
  artifactKey: Guid(e909ea5b2cacf39478ec26f7a94fc257) Importer(815301076,1909f56bfc062723c751e8b465ee728b)
Start importing Assets/Sprites/Buildings/Skyscraper 4.png using Guid(e909ea5b2cacf39478ec26f7a94fc257) Importer(815301076,1909f56bfc062723c751e8b465ee728b)  -> (artifact id: '2287ffc398e68d353e7a67e2ece2013b') in 0.013558 seconds 
  Import took 0.016652 seconds .

========================================================================
Received Import Request.
  Time since last request: 0.000116 seconds.
  path: Assets/Sprites/Buildings/Skyscraper 3.png
  artifactKey: Guid(dafe63ebc99e938489c4cd90b3a89e30) Importer(815301076,1909f56bfc062723c751e8b465ee728b)
Start importing Assets/Sprites/Buildings/Skyscraper 3.png using Guid(dafe63ebc99e938489c4cd90b3a89e30) Importer(815301076,1909f56bfc062723c751e8b465ee728b)  -> (artifact id: '8ea53ace1d98ee317c4eaa4ceb3c8ffb') in 0.018021 seconds 
  Import took 0.022305 seconds .

========================================================================
Received Import Request.
  Time since last request: 0.000191 seconds.
  path: Assets/Sprites/Buildings/Crumbling Mansion.png
  artifactKey: Guid(b40869e928cc8cb419aa67f65279e967) Importer(815301076,1909f56bfc062723c751e8b465ee728b)
Start importing Assets/Sprites/Buildings/Crumbling Mansion.png using Guid(b40869e928cc8cb419aa67f65279e967) Importer(815301076,1909f56bfc062723c751e8b465ee728b)  -> (artifact id: '4669083bf283133adc7028e77e674a8b') in 0.012731 seconds 
  Import took 0.015624 seconds .

========================================================================
Received Import Request.
  Time since last request: 13.616209 seconds.
  path: Assets/Sprites/Haunted Mansion/Candelabra.png
  artifactKey: Guid(caa77a4da43afc34c8618239c512e84b) Importer(815301076,1909f56bfc062723c751e8b465ee728b)
Start importing Assets/Sprites/Haunted Mansion/Candelabra.png using Guid(caa77a4da43afc34c8618239c512e84b) Importer(815301076,1909f56bfc062723c751e8b465ee728b)  -> (artifact id: '6c55db3137faf658ac5b435e86f912c0') in 0.036935 seconds 
  Import took 0.040304 seconds .

========================================================================
Received Import Request.
  Time since last request: 0.000244 seconds.
  path: Assets/Sprites/Haunted Mansion/Chair.png
  artifactKey: Guid(e29c7c5cfad43634f97fc28138f391bb) Importer(815301076,1909f56bfc062723c751e8b465ee728b)
Start importing Assets/Sprites/Haunted Mansion/Chair.png using Guid(e29c7c5cfad43634f97fc28138f391bb) Importer(815301076,1909f56bfc062723c751e8b465ee728b)  -> (artifact id: 'fc3843b5a4268c6e6a510da95f4ee1a7') in 0.018144 seconds 
  Import took 0.021247 seconds .

========================================================================
Received Import Request.
  Time since last request: 10.258037 seconds.
  path: Assets/Sprites/Sky/Cloud_1.png
  artifactKey: Guid(7b46f31e9dc178a4d890be52e3344f2b) Importer(815301076,1909f56bfc062723c751e8b465ee728b)
Start importing Assets/Sprites/Sky/Cloud_1.png using Guid(7b46f31e9dc178a4d890be52e3344f2b) Importer(815301076,1909f56bfc062723c751e8b465ee728b)  -> (artifact id: '3372b281ed18697642b42de3b21ec2b8') in 0.033352 seconds 
  Import took 0.037134 seconds .

========================================================================
Received Import Request.
  Time since last request: 6.825663 seconds.
  path: Assets/Sprites/Terrain/Concrete Foundation.png
  artifactKey: Guid(1e631a4d7e4563d448b5348f2dd51582) Importer(815301076,1909f56bfc062723c751e8b465ee728b)
Start importing Assets/Sprites/Terrain/Concrete Foundation.png using Guid(1e631a4d7e4563d448b5348f2dd51582) Importer(815301076,1909f56bfc062723c751e8b465ee728b)  -> (artifact id: '43ba053da259ad0dea2d94bd5004a506') in 0.030358 seconds 
  Import took 0.034349 seconds .

========================================================================
Received Import Request.
  Time since last request: 0.000198 seconds.
  path: Assets/Sprites/Terrain/Sand.png
  artifactKey: Guid(2702c019a16f92747af2bfc7c6aa903c) Importer(815301076,1909f56bfc062723c751e8b465ee728b)
Start importing Assets/Sprites/Terrain/Sand.png using Guid(2702c019a16f92747af2bfc7c6aa903c) Importer(815301076,1909f56bfc062723c751e8b465ee728b)  -> (artifact id: '0e29ba6b1fd8b1e02a09c25018965328') in 0.047966 seconds 
  Import took 0.050568 seconds .

========================================================================
Received Import Request.
  Time since last request: 0.000179 seconds.
  path: Assets/Sprites/Terrain/Rock Edge.png
  artifactKey: Guid(5037524e1d54d1b46903c1c3f545c65a) Importer(815301076,1909f56bfc062723c751e8b465ee728b)
Start importing Assets/Sprites/Terrain/Rock Edge.png using Guid(5037524e1d54d1b46903c1c3f545c65a) Importer(815301076,1909f56bfc062723c751e8b465ee728b)  -> (artifact id: '8428eeaac247baa4642fc6ef0f9798e1') in 0.012874 seconds 
  Import took 0.016582 seconds .

========================================================================
Received Import Request.
  Time since last request: 0.000223 seconds.
  path: Assets/Sprites/Terrain/Rock Corner.png
  artifactKey: Guid(9f902a3e28ca1714eadeffec5702e879) Importer(815301076,1909f56bfc062723c751e8b465ee728b)
Start importing Assets/Sprites/Terrain/Rock Corner.png using Guid(9f902a3e28ca1714eadeffec5702e879) Importer(815301076,1909f56bfc062723c751e8b465ee728b)  -> (artifact id: '9d6625c8fb0f96296af83a35d09149b9') in 0.015166 seconds 
  Import took 0.018302 seconds .

========================================================================
Received Import Request.
  Time since last request: 0.000240 seconds.
  path: Assets/Sprites/Terrain/Asphalt.png
  artifactKey: Guid(a8a590b521722094b8d17ea431c99fc3) Importer(815301076,1909f56bfc062723c751e8b465ee728b)
Start importing Assets/Sprites/Terrain/Asphalt.png using Guid(a8a590b521722094b8d17ea431c99fc3) Importer(815301076,1909f56bfc062723c751e8b465ee728b)  -> (artifact id: '47ecc6987937dfab7b1c370b859cc2e2') in 0.044530 seconds 
  Import took 0.047715 seconds .

========================================================================
Received Import Request.
  Time since last request: 7.829210 seconds.
  path: Assets/Sprites/Trash/Crushed Cup.png
  artifactKey: Guid(bd714fa0d36f2a54a93960289c5a68c5) Importer(815301076,1909f56bfc062723c751e8b465ee728b)
Start importing Assets/Sprites/Trash/Crushed Cup.png using Guid(bd714fa0d36f2a54a93960289c5a68c5) Importer(815301076,1909f56bfc062723c751e8b465ee728b)  -> (artifact id: '62a3dd49afa7d4351c9e1204740220ab') in 0.039821 seconds 
  Import took 0.043570 seconds .

========================================================================
Received Import Request.
  Time since last request: 0.000208 seconds.
  path: Assets/Sprites/Trash/Crushed Can.png
  artifactKey: Guid(d931a33d2d3109047a052ccf0e5d809d) Importer(815301076,1909f56bfc062723c751e8b465ee728b)
Start importing Assets/Sprites/Trash/Crushed Can.png using Guid(d931a33d2d3109047a052ccf0e5d809d) Importer(815301076,1909f56bfc062723c751e8b465ee728b)  -> (artifact id: 'eca90cd106c2172240d84a87f8bbe69e') in 0.025297 seconds 
  Import took 0.028420 seconds .

========================================================================
Received Import Request.
  Time since last request: 145.844743 seconds.
  path: Assets/Sprites/Buildings/Skyscraper 4.png
  artifactKey: Guid(e909ea5b2cacf39478ec26f7a94fc257) Importer(815301076,1909f56bfc062723c751e8b465ee728b)
Start importing Assets/Sprites/Buildings/Skyscraper 4.png using Guid(e909ea5b2cacf39478ec26f7a94fc257) Importer(815301076,1909f56bfc062723c751e8b465ee728b)  -> (artifact id: '35ee355f93d1b30cf1df9d87f48cc13f') in 0.056568 seconds 
  Import took 0.060707 seconds .

========================================================================
Received Import Request.
  Time since last request: 4.036201 seconds.
  path: Assets/Sprites/Buildings/Skyscraper 4.png
  artifactKey: Guid(e909ea5b2cacf39478ec26f7a94fc257) Importer(815301076,1909f56bfc062723c751e8b465ee728b)
Start importing Assets/Sprites/Buildings/Skyscraper 4.png using Guid(e909ea5b2cacf39478ec26f7a94fc257) Importer(815301076,1909f56bfc062723c751e8b465ee728b)  -> (artifact id: '76c02acd2b997311c97fd40a863939d8') in 0.046629 seconds 
  Import took 0.050052 seconds .

========================================================================
Received Prepare
Registering precompiled user dll's ...
Registered in 0.002983 seconds.
Begin MonoManager ReloadAssembly
Native extension for WindowsStandalone target not found
Refreshing native plugins compatible for Editor in 0.40 ms, found 3 plugins.
Preloading 0 native plugins for Editor in 0.00 ms.
Mono: successfully reloaded assembly
- Completed reload, in  0.795 seconds
Domain Reload Profiling:
	ReloadAssembly (795ms)
		BeginReloadAssembly (92ms)
			ExecutionOrderSort (0ms)
			DisableScriptedObjects (5ms)
			BackupInstance (0ms)
			ReleaseScriptingObjects (0ms)
			CreateAndSetChildDomain (28ms)
		EndReloadAssembly (653ms)
			LoadAssemblies (67ms)
			RebuildTransferFunctionScriptingTraits (0ms)
			SetupTypeCache (225ms)
			ReleaseScriptCaches (1ms)
			RebuildScriptCaches (36ms)
			SetupLoadedEditorAssemblies (241ms)
				LogAssemblyErrors (0ms)
				InitializePlatformSupportModulesInManaged (4ms)
				SetLoadedEditorAssemblies (0ms)
				RefreshPlugins (0ms)
				BeforeProcessingInitializeOnLoad (76ms)
				ProcessInitializeOnLoadAttributes (151ms)
				ProcessInitializeOnLoadMethodAttributes (4ms)
				AfterProcessingInitializeOnLoad (5ms)
				EditorAssembliesLoaded (0ms)
			ExecutionOrderSort2 (0ms)
			AwakeInstancesAfterBackupRestoration (8ms)
Platform modules already initialized, skipping
Refreshing native plugins compatible for Editor in 0.39 ms, found 3 plugins.
Preloading 0 native plugins for Editor in 0.00 ms.
Unloading 2102 Unused Serialized files (Serialized files now loaded: 0)
System memory in use before: 97.5 MB.
System memory in use after: 97.6 MB.

Unloading 17 unused Assets to reduce memory usage. Loaded Objects now: 2670.
Total: 1.886900 ms (FindLiveObjects: 0.164300 ms CreateObjectMapping: 0.069300 ms MarkObjects: 1.640000 ms  DeleteObjects: 0.012700 ms)

AssetImportParameters requested are different than current active one (requested -> active):
  custom:framework-win-MediaFoundation: 216162199b28c13a410421893ffa2e32 -> 
  custom:video-decoder-ogg-theora: a1e56fd34408186e4bbccfd4996cb3dc -> 
  custom:container-muxer-webm: aa71ff27fc2769a1b78a27578f13a17b -> 
  custom:container-demuxer-webm: 4f35f7cbe854078d1ac9338744f61a02 -> 
  custom:container-demuxer-ogg: 62fdf1f143b41e24485cea50d1cbac27 -> 
  custom:video-encoder-webm-vp8: eb34c28f22e8b96e1ab97ce403110664 -> 
  custom:video-decoder-webm-vp8: 9c59270c3fd7afecdb556c50c9e8de78 -> 
  custom:audio-decoder-ogg-vorbis: bf7c407c2cedff20999df2af8eb42d56 -> 
  custom:audio-encoder-webm-vorbis: bf7c407c2cedff20999df2af8eb42d56 -> 
========================================================================
Received Prepare
Registering precompiled user dll's ...
Registered in 0.002861 seconds.
Begin MonoManager ReloadAssembly
Native extension for WindowsStandalone target not found
Refreshing native plugins compatible for Editor in 0.40 ms, found 3 plugins.
Preloading 0 native plugins for Editor in 0.00 ms.
Mono: successfully reloaded assembly
- Completed reload, in  0.784 seconds
Domain Reload Profiling:
	ReloadAssembly (785ms)
		BeginReloadAssembly (87ms)
			ExecutionOrderSort (0ms)
			DisableScriptedObjects (5ms)
			BackupInstance (0ms)
			ReleaseScriptingObjects (0ms)
			CreateAndSetChildDomain (25ms)
		EndReloadAssembly (648ms)
			LoadAssemblies (66ms)
			RebuildTransferFunctionScriptingTraits (0ms)
			SetupTypeCache (224ms)
			ReleaseScriptCaches (1ms)
			RebuildScriptCaches (37ms)
			SetupLoadedEditorAssemblies (237ms)
				LogAssemblyErrors (0ms)
				InitializePlatformSupportModulesInManaged (4ms)
				SetLoadedEditorAssemblies (0ms)
				RefreshPlugins (0ms)
				BeforeProcessingInitializeOnLoad (76ms)
				ProcessInitializeOnLoadAttributes (147ms)
				ProcessInitializeOnLoadMethodAttributes (5ms)
				AfterProcessingInitializeOnLoad (5ms)
				EditorAssembliesLoaded (0ms)
			ExecutionOrderSort2 (0ms)
			AwakeInstancesAfterBackupRestoration (8ms)
Platform modules already initialized, skipping
Refreshing native plugins compatible for Editor in 0.39 ms, found 3 plugins.
Preloading 0 native plugins for Editor in 0.00 ms.
Unloading 2102 Unused Serialized files (Serialized files now loaded: 0)
System memory in use before: 97.5 MB.
System memory in use after: 97.6 MB.

Unloading 17 unused Assets to reduce memory usage. Loaded Objects now: 2673.
Total: 2.033300 ms (FindLiveObjects: 0.180900 ms CreateObjectMapping: 0.073600 ms MarkObjects: 1.765400 ms  DeleteObjects: 0.012700 ms)

AssetImportParameters requested are different than current active one (requested -> active):
  custom:framework-win-MediaFoundation: 216162199b28c13a410421893ffa2e32 -> 
  custom:video-decoder-ogg-theora: a1e56fd34408186e4bbccfd4996cb3dc -> 
  custom:container-muxer-webm: aa71ff27fc2769a1b78a27578f13a17b -> 
  custom:container-demuxer-webm: 4f35f7cbe854078d1ac9338744f61a02 -> 
  custom:container-demuxer-ogg: 62fdf1f143b41e24485cea50d1cbac27 -> 
  custom:video-encoder-webm-vp8: eb34c28f22e8b96e1ab97ce403110664 -> 
  custom:video-decoder-webm-vp8: 9c59270c3fd7afecdb556c50c9e8de78 -> 
  custom:audio-decoder-ogg-vorbis: bf7c407c2cedff20999df2af8eb42d56 -> 
  custom:audio-encoder-webm-vorbis: bf7c407c2cedff20999df2af8eb42d56 -> 
========================================================================
Received Import Request.
  Time since last request: 325.785368 seconds.
  path: Assets/Sprites/Buildings/Skyscraper 1.png
  artifactKey: Guid(11ee30d3012c1164dbdb926aaa51b284) Importer(815301076,1909f56bfc062723c751e8b465ee728b)
Start importing Assets/Sprites/Buildings/Skyscraper 1.png using Guid(11ee30d3012c1164dbdb926aaa51b284) Importer(815301076,1909f56bfc062723c751e8b465ee728b)  -> (artifact id: '49a880b53410c0486b97ead05d59efb3') in 0.047395 seconds 
  Import took 0.051160 seconds .

========================================================================
Received Import Request.
  Time since last request: 0.004301 seconds.
  path: Assets/Sprites/Buildings/Skyscraper 1.png
  artifactKey: Guid(11ee30d3012c1164dbdb926aaa51b284) Importer(815301076,1909f56bfc062723c751e8b465ee728b)
Start importing Assets/Sprites/Buildings/Skyscraper 1.png using Guid(11ee30d3012c1164dbdb926aaa51b284) Importer(815301076,1909f56bfc062723c751e8b465ee728b)  -> (artifact id: '49a880b53410c0486b97ead05d59efb3') in 0.016237 seconds 
  Import took 0.019401 seconds .

========================================================================
Received Prepare
Registering precompiled user dll's ...
Registered in 0.002876 seconds.
Begin MonoManager ReloadAssembly
Native extension for WindowsStandalone target not found
Refreshing native plugins compatible for Editor in 0.41 ms, found 3 plugins.
Preloading 0 native plugins for Editor in 0.00 ms.
Mono: successfully reloaded assembly
- Completed reload, in  0.783 seconds
Domain Reload Profiling:
	ReloadAssembly (783ms)
		BeginReloadAssembly (83ms)
			ExecutionOrderSort (0ms)
			DisableScriptedObjects (5ms)
			BackupInstance (0ms)
			ReleaseScriptingObjects (0ms)
			CreateAndSetChildDomain (28ms)
		EndReloadAssembly (651ms)
			LoadAssemblies (67ms)
			RebuildTransferFunctionScriptingTraits (0ms)
			SetupTypeCache (223ms)
			ReleaseScriptCaches (1ms)
			RebuildScriptCaches (37ms)
			SetupLoadedEditorAssemblies (239ms)
				LogAssemblyErrors (0ms)
				InitializePlatformSupportModulesInManaged (4ms)
				SetLoadedEditorAssemblies (0ms)
				RefreshPlugins (0ms)
				BeforeProcessingInitializeOnLoad (77ms)
				ProcessInitializeOnLoadAttributes (149ms)
				ProcessInitializeOnLoadMethodAttributes (4ms)
				AfterProcessingInitializeOnLoad (5ms)
				EditorAssembliesLoaded (0ms)
			ExecutionOrderSort2 (0ms)
			AwakeInstancesAfterBackupRestoration (8ms)
Platform modules already initialized, skipping
Refreshing native plugins compatible for Editor in 0.39 ms, found 3 plugins.
Preloading 0 native plugins for Editor in 0.00 ms.
Unloading 2102 Unused Serialized files (Serialized files now loaded: 0)
System memory in use before: 97.5 MB.
System memory in use after: 97.6 MB.

Unloading 17 unused Assets to reduce memory usage. Loaded Objects now: 2677.
Total: 1.980600 ms (FindLiveObjects: 0.168500 ms CreateObjectMapping: 0.063800 ms MarkObjects: 1.734800 ms  DeleteObjects: 0.012700 ms)

AssetImportParameters requested are different than current active one (requested -> active):
  custom:framework-win-MediaFoundation: 216162199b28c13a410421893ffa2e32 -> 
  custom:video-decoder-ogg-theora: a1e56fd34408186e4bbccfd4996cb3dc -> 
  custom:container-muxer-webm: aa71ff27fc2769a1b78a27578f13a17b -> 
  custom:container-demuxer-webm: 4f35f7cbe854078d1ac9338744f61a02 -> 
  custom:container-demuxer-ogg: 62fdf1f143b41e24485cea50d1cbac27 -> 
  custom:video-encoder-webm-vp8: eb34c28f22e8b96e1ab97ce403110664 -> 
  custom:video-decoder-webm-vp8: 9c59270c3fd7afecdb556c50c9e8de78 -> 
  custom:audio-decoder-ogg-vorbis: bf7c407c2cedff20999df2af8eb42d56 -> 
  custom:audio-encoder-webm-vorbis: bf7c407c2cedff20999df2af8eb42d56 -> 
========================================================================
Received Import Request.
  Time since last request: 411.658225 seconds.
  path: Assets/Sprites/Misc/Swing.png
  artifactKey: Guid(130eadaa7f624a74daa7f1bd9c2aa63e) Importer(815301076,1909f56bfc062723c751e8b465ee728b)
Start importing Assets/Sprites/Misc/Swing.png using Guid(130eadaa7f624a74daa7f1bd9c2aa63e) Importer(815301076,1909f56bfc062723c751e8b465ee728b)  -> (artifact id: 'f1a1f442474b36424071d70f5dc5387a') in 0.043941 seconds 
  Import took 0.046923 seconds .

========================================================================
Received Import Request.
  Time since last request: 5.130981 seconds.
  path: Assets/Sprites/Misc/Swing.png
  artifactKey: Guid(130eadaa7f624a74daa7f1bd9c2aa63e) Importer(815301076,1909f56bfc062723c751e8b465ee728b)
Start importing Assets/Sprites/Misc/Swing.png using Guid(130eadaa7f624a74daa7f1bd9c2aa63e) Importer(815301076,1909f56bfc062723c751e8b465ee728b)  -> (artifact id: 'd654ff0d8ca142ef2f45714faeb7d03f') in 0.019820 seconds 
  Import took 0.022997 seconds .

